\BOOKMARK [-1][-]{part.1}{\376\377\000I\000\040\000H\000e\000a\000d\000\040\000f\000i\000r\000s\000t\000\040\000o\000n\000\040\000d\000a\000t\000a\000\040\000a\000n\000a\000l\000y\000s\000i\000s}{}% 1
\BOOKMARK [0][-]{chapter.1}{\376\377\145\160\143\156\122\006\147\220\137\025\212\000\000:\122\006\211\343\145\160\143\156}{part.1}% 2
\BOOKMARK [1][-]{section.1.1}{\376\377\145\160\143\156\122\006\147\220\166\204\127\372\147\054\155\101\172\013\000:}{chapter.1}% 3
\BOOKMARK [2][-]{subsection.1.1.1}{\376\377\170\156\133\232\225\356\230\230}{section.1.1}% 4
\BOOKMARK [2][-]{subsection.1.1.2}{\376\377\122\006\211\343\225\356\230\230}{section.1.1}% 5
\BOOKMARK [2][-]{subsection.1.1.3}{\376\377\213\304\117\060\176\304\127\127}{section.1.1}% 6
\BOOKMARK [2][-]{subsection.1.1.4}{\376\377\143\320\121\372\136\372\213\256}{section.1.1}% 7
\BOOKMARK [0][-]{chapter.2}{\376\377\133\236\232\214\000:\150\300\232\214\117\140\166\204\164\006\213\272}{part.1}% 8
\BOOKMARK [1][-]{section.2.1}{\376\377\226\217\147\072\214\003\147\345}{chapter.2}% 9
\BOOKMARK [1][-]{section.2.2}{\376\377\153\324\217\203\154\325\116\016\211\302\133\337\170\024\172\166\154\325}{chapter.2}% 10
\BOOKMARK [1][-]{section.2.3}{\376\377\142\306\122\006\145\160\143\156\127\127\000,\173\241\164\006\155\367\147\102\126\340\175\040}{chapter.2}% 11
\BOOKMARK [1][-]{section.2.4}{\376\377\133\236\232\214\116\345\143\247\122\066\176\304\116\072\127\372\121\306}{chapter.2}% 12
\BOOKMARK [1][-]{section.2.5}{\376\377\226\217\147\072\220\011\142\351\166\370\117\074\176\304}{chapter.2}% 13
\BOOKMARK [0][-]{chapter.3}{\376\377\147\000\117\030\123\026\000:\133\373\142\176\147\000\131\047\120\074}{part.1}% 14
\BOOKMARK [1][-]{section.3.1}{\376\377\227\000\211\201\124\352\116\233\145\160\143\156}{chapter.3}% 15
\BOOKMARK [1][-]{section.3.2}{\376\377\147\000\117\030\123\026\225\356\230\230}{chapter.3}% 16
\BOOKMARK [2][-]{subsection.3.2.1}{\376\377\120\037\122\251\166\356\150\007\121\375\145\160\123\321\163\260\166\356\150\007}{section.3.2}% 17
\BOOKMARK [2][-]{subsection.3.2.2}{\376\377\176\246\147\137\147\141\116\366}{section.3.2}% 18
\BOOKMARK [2][-]{subsection.3.2.3}{\376\377\000e\000x\000c\000e\000l\133\236\163\260\147\000\117\030\123\026}{section.3.2}% 19
\BOOKMARK [2][-]{subsection.3.2.4}{\376\377\143\011\161\147\122\006\147\220\166\356\150\007\150\041\153\143\120\107\213\276}{section.3.2}% 20
\BOOKMARK [2][-]{subsection.3.2.5}{\376\377\143\320\226\062\215\037\166\370\121\163\123\330\221\317}{section.3.2}% 21
\BOOKMARK [2][-]{subsection.3.2.6}{\376\377\120\107\213\276\172\313\215\263\116\216\116\015\145\255\123\330\123\026\166\204\133\236\226\105\140\305\121\265}{section.3.2}% 22
\BOOKMARK [0][-]{chapter.4}{\376\377\145\160\143\156\126\376\137\142\123\026\000:\126\376\137\142\213\251\117\140\146\364\174\276\146\016}{part.1}% 23
\BOOKMARK [1][-]{section.4.1}{\376\377\117\123\163\260\145\160\143\156}{chapter.4}% 24
\BOOKMARK [1][-]{section.4.2}{\376\377\145\160\143\156\126\376\137\142\123\026\166\204\150\071\147\054\127\050\116\216\153\143\170\156\153\324\217\203}{chapter.4}% 25
\BOOKMARK [1][-]{section.4.3}{\376\377\147\000\117\030\171\300\166\204\126\376\137\142\220\375\146\057\131\032\121\103\126\376\137\142}{chapter.4}% 26
\BOOKMARK [-1][-]{part.2}{\376\377\000I\000I\000\040\000R\145\160\143\156\171\321\133\146\133\236\142\030\040\024\000A\000.\135\345\121\167\213\346\211\343}{}% 27
\BOOKMARK [0][-]{chapter.5}{\376\377\145\160\143\156\133\374\121\145\135\345\121\167}{part.2}% 28
\BOOKMARK [1][-]{section.5.1}{\376\377\000u\000t\000i\000l\000s\040\023\145\160\143\156\213\373\123\326}{chapter.5}% 29
\BOOKMARK [2][-]{subsection.5.1.1}{\376\377\000r\000e\000a\000d\000.\000c\000s\000v\000/\000c\000s\000v\0002\040\023\220\027\123\367\122\006\226\224\145\160\143\156\213\373\123\326}{section.5.1}% 30
\BOOKMARK [2][-]{subsection.5.1.2}{\376\377\000r\000e\000a\000d\000.\000d\000e\000l\000i\000m\000/\000d\000e\000l\000i\000m\0002\040\023\162\171\133\232\122\006\226\224\173\046\145\160\143\156\213\373\123\326}{section.5.1}% 31
\BOOKMARK [2][-]{subsection.5.1.3}{\376\377\000r\000e\000a\000d\000.\000t\000a\000b\000l\000e\040\023\116\373\141\017\122\006\226\224\173\046\145\160\143\156\213\373\123\326}{section.5.1}% 32
\BOOKMARK [3][-]{subsubsection.5.1.3.1}{\376\377\172\172\166\175\210\114}{subsection.5.1.3}% 33
\BOOKMARK [3][-]{subsubsection.5.1.3.2}{\376\377\236\330\213\244\120\074\000,\172\172\166\175}{subsection.5.1.3}% 34
\BOOKMARK [1][-]{section.5.2}{\376\377\000r\000e\000a\000d\000r\040\023\217\333\226\066\145\160\143\156\213\373\123\326}{chapter.5}% 35
\BOOKMARK [1][-]{section.5.3}{\376\377\000p\000d\000f\000r\000o\000o\000l\000s\040\023\000p\000d\000f\145\207\116\366}{chapter.5}% 36
\BOOKMARK [0][-]{chapter.6}{\376\377\145\160\143\156\156\005\164\006\135\345\121\167}{part.2}% 37
\BOOKMARK [1][-]{section.6.1}{\376\377\127\372\147\054\151\202\137\365}{chapter.6}% 38
\BOOKMARK [1][-]{section.6.2}{\376\377\000t\000i\000b\000b\000l\000e\123\005\040\023\145\160\143\156\226\306\121\306\131\007}{chapter.6}% 39
\BOOKMARK [2][-]{subsection.6.2.1}{\376\377\116\072\116\300\116\110\117\177\165\050\000t\000i\000b\000b\000l\000e}{section.6.2}% 40
\BOOKMARK [2][-]{subsection.6.2.2}{\376\377\122\033\136\372\000t\000b\000l\150\074\137\017}{section.6.2}% 41
\BOOKMARK [2][-]{subsection.6.2.3}{\376\377\000a\000s\000\040\000\137\000\040\000t\000i\000b\000b\000l\000e\040\023\217\154\143\142\135\362\147\011\150\074\137\017\166\204\145\160\143\156\226\306}{section.6.2}% 42
\BOOKMARK [3][-]{subsubsection.6.2.3.1}{\376\377\000a\000s\000\040\000\137\000\040\000t\000i\000b\000b\000l\000e\121\375\145\160\166\364\143\245\134\006\000v\000e\000c\000t\000o\000r\150\074\137\017\217\154\143\142\142\020\145\160\143\156\150\106\150\074\137\017}{subsection.6.2.3}% 43
\BOOKMARK [3][-]{subsubsection.6.2.3.2}{\376\377\167\351\226\065\150\074\137\017\217\154\143\142}{subsection.6.2.3}% 44
\BOOKMARK [3][-]{subsubsection.6.2.3.3}{\376\377\122\027\210\150\150\074\137\017\217\154\143\142}{subsection.6.2.3}% 45
\BOOKMARK [2][-]{subsection.6.2.4}{\376\377\000a\000d\000d\000\040\000\137\000\040\000r\000o\000w\000/\000c\000o\000l\000u\000m\000n\040\023\133\236\165\050\134\017\135\345\121\167}{section.6.2}% 46
\BOOKMARK [1][-]{section.6.3}{\376\377\000t\000i\000d\000y\000r\040\023\145\160\143\156\156\005\220\123\131\053}{chapter.6}% 47
\BOOKMARK [2][-]{subsection.6.3.1}{\376\377\116\072\116\300\116\110\117\177\165\050\000t\000i\000d\000y\000r\123\005}{section.6.3}% 48
\BOOKMARK [2][-]{subsection.6.3.2}{\376\377\000g\000a\000t\000h\000e\000r\000/\000s\000p\000r\000e\000a\000d\040\023\000"\225\177\000"\000"\133\275\000"\145\160\143\156\217\154\143\142}{section.6.3}% 49
\BOOKMARK [3][-]{subsubsection.6.3.2.1}{\376\377\000g\000a\000t\000h\000e\000r\040\023\000"\133\275\000"\123\330\000"\225\177\000"}{subsection.6.3.2}% 50
\BOOKMARK [3][-]{subsubsection.6.3.2.2}{\376\377\000s\000p\000r\000e\000a\000d\040\023\000"\225\177\000"\145\160\143\156\123\330\000"\133\275\000"}{subsection.6.3.2}% 51
\BOOKMARK [2][-]{subsection.6.3.3}{\376\377\000s\000e\000p\000a\000r\000a\000t\000e\000/\000u\000n\000i\000t\000e\040\023\142\306\122\006\124\010\136\166\122\027}{section.6.3}% 52
\BOOKMARK [2][-]{subsection.6.3.4}{\376\377\000r\000e\000p\000l\000a\000c\000e\000\040\000\137\000\040\000n\000a\000/\000d\000r\000o\000p\000\040\000\137\000\040\000n\000a\040\023\236\330\213\244\120\074\131\004\164\006\135\345\121\167}{section.6.3}% 53
\BOOKMARK [2][-]{subsection.6.3.5}{\376\377\000f\000i\000l\000l\000/\000c\000o\000m\000p\000l\000e\000t\000e\040\023\130\153\127\121\171\136\126\150}{section.6.3}% 54
\BOOKMARK [2][-]{subsection.6.3.6}{\376\377\000s\000e\000p\000a\000r\000a\000t\000e\000\040\000\137\000\040\000r\000o\000w\000s\000/\000n\000e\000s\000t\000/\000u\000n\000e\000s\000t\040\023\210\114\145\160\143\156\131\004\164\006}{section.6.3}% 55
\BOOKMARK [3][-]{subsubsection.6.3.6.1}{\376\377\000s\000e\000p\000a\000r\000a\000t\000e\000\040\000\137\000\040\000r\000o\000w\000s\040\023\142\306\122\006\123\125\121\103\150\074}{subsection.6.3.6}% 56
\BOOKMARK [3][-]{subsubsection.6.3.6.2}{\376\377\000n\000e\000s\000t\000/\000u\000n\000e\000s\000t\040\023\123\213\177\051\124\214\211\343\123\213\177\051\210\114\145\160\143\156}{subsection.6.3.6}% 57
\BOOKMARK [1][-]{section.6.4}{\376\377\000l\000u\000b\000r\000i\000d\000a\000t\000e\145\345\147\037\145\366\225\364\131\004\164\006}{chapter.6}% 58
\BOOKMARK [2][-]{subsection.6.4.1}{\376\377\116\072\116\300\116\110\117\177\165\050\000l\000u\000b\000r\000i\000d\000a\000t\000e}{section.6.4}% 59
\BOOKMARK [2][-]{subsection.6.4.2}{\376\377\000y\000m\000d\000/\000y\000m\000d\000\040\000\137\000\040\000h\000m\000s\040\023\136\164\147\010\145\345\217\330\146\057\145\345\147\010\136\164}{section.6.4}% 60
\BOOKMARK [2][-]{subsection.6.4.3}{\376\377\000y\000e\000a\000r\000/\000m\000o\000n\000t\000h\000/\000w\000e\000e\000k\000/\000d\000a\000y\000/\000h\000o\000u\000r\000/\000m\000i\000n\000u\000t\000e\000/\000s\000e\000c\000o\000n\000d\040\023\145\366\225\364\123\125\117\115\143\320\123\326}{section.6.4}% 61
\BOOKMARK [2][-]{subsection.6.4.4}{\376\377\000g\000u\000e\000s\000s\000\040\000\137\000\040\000f\000o\000r\000m\000a\000t\000s\000/\000p\000a\000r\000s\000e\000\040\000\137\000\040\000d\000a\000t\000e\000\040\000\137\000\040\000t\000i\000m\000e\040\023\145\366\225\364\145\345\147\037\150\074\137\017\122\006\147\220}{section.6.4}% 62
\BOOKMARK [1][-]{section.6.5}{\376\377\000s\000t\000r\000i\000n\000g\000r\133\127\173\046\131\004\164\006\135\345\121\167}{chapter.6}% 63
\BOOKMARK [2][-]{subsection.6.5.1}{\376\377\000b\000a\000s\000e\000R\000\040\000v\000s\000\040\000s\000t\000r\000i\000n\000g\000r}{section.6.5}% 64
\BOOKMARK [2][-]{subsection.6.5.2}{\376\377\153\143\122\031\210\150\217\276\137\017\127\372\170\100}{section.6.5}% 65
\BOOKMARK [2][-]{subsection.6.5.3}{\376\377\173\200\146\023\153\143\122\031\210\150\217\276\137\017\122\033\136\372}{section.6.5}% 66
\BOOKMARK [2][-]{subsection.6.5.4}{\376\377\145\207\147\054\143\026\143\230\155\105\147\220}{section.6.5}% 67
